0 info it worked if it ends with ok
1 verbose cli [ '/usr/local/bin/node', '/usr/local/bin/npm', 'run', 'dev' ]
2 info using npm@3.10.10
3 info using node@v6.9.5
4 verbose run-script [ 'predev', 'dev', 'postdev' ]
5 info lifecycle nextgram@~predev: nextgram@
6 silly lifecycle nextgram@~predev: no script for predev, continuing
7 info lifecycle nextgram@~dev: nextgram@
8 verbose lifecycle nextgram@~dev: unsafe-perm in lifecycle true
9 verbose lifecycle nextgram@~dev: PATH: /usr/local/lib/node_modules/npm/bin/node-gyp-bin:/Users/edmund/Documents/HJobs/nexttest/node_modules/.bin:/Users/edmund/Library/Application Support/GoodSync:/Library/Application Support/GoodSync:/Users/edmund/.rvm/gems/ruby-2.4.0/bin:/Users/edmund/.rvm/gems/ruby-2.4.0@global/bin:/Users/edmund/.rvm/rubies/ruby-2.4.0/bin:/usr/local/bin:/usr/bin:/bin:/usr/sbin:/sbin:/opt/X11/bin:/Users/edmund/.rvm/bin
10 verbose lifecycle nextgram@~dev: CWD: /Users/edmund/Documents/HJobs/nexttest
11 silly lifecycle nextgram@~dev: Args: [ '-c', 'next -p 8000' ]
12 silly lifecycle nextgram@~dev: Returned: code: 1  signal: null
13 info lifecycle nextgram@~dev: Failed to exec dev script
14 verbose stack Error: nextgram@ dev: `next -p 8000`
14 verbose stack Exit status 1
14 verbose stack     at EventEmitter.<anonymous> (/usr/local/lib/node_modules/npm/lib/utils/lifecycle.js:255:16)
14 verbose stack     at emitTwo (events.js:106:13)
14 verbose stack     at EventEmitter.emit (events.js:191:7)
14 verbose stack     at ChildProcess.<anonymous> (/usr/local/lib/node_modules/npm/lib/utils/spawn.js:40:14)
14 verbose stack     at emitTwo (events.js:106:13)
14 verbose stack     at ChildProcess.emit (events.js:191:7)
14 verbose stack     at maybeClose (internal/child_process.js:877:16)
14 verbose stack     at Process.ChildProcess._handle.onexit (internal/child_process.js:226:5)
15 verbose pkgid nextgram@
16 verbose cwd /Users/edmund/Documents/HJobs/nexttest
17 error Darwin 16.5.0
18 error argv "/usr/local/bin/node" "/usr/local/bin/npm" "run" "dev"
19 error node v6.9.5
20 error npm  v3.10.10
21 error code ELIFECYCLE
22 error nextgram@ dev: `next -p 8000`
22 error Exit status 1
23 error Failed at the nextgram@ dev script 'next -p 8000'.
23 error Make sure you have the latest version of node.js and npm installed.
23 error If you do, this is most likely a problem with the nextgram package,
23 error not with npm itself.
23 error Tell the author that this fails on your system:
23 error     next -p 8000
23 error You can get information on how to open an issue for this project with:
23 error     npm bugs nextgram
23 error Or if that isn't available, you can get their info via:
23 error     npm owner ls nextgram
23 error There is likely additional logging output above.
24 verbose exit [ 1, true ]
